
> build
> vite build

[36mvite v7.1.10 [32mbuilding for production...[36m[39m
transforming...
[32m✓[39m 2867 modules transformed.
rendering chunks...
computing gzip size...
[2mdist/client/[22m[35massets/main-B5DZHykP.css               [39m[1m[2m  7.32 kB[22m[1m[22m[2m │ gzip:   1.60 kB[22m
[2mdist/client/[22m[35massets/styles-B0GkJKKn.css             [39m[1m[2m 44.77 kB[22m[1m[22m[2m │ gzip:   8.62 kB[22m
[2mdist/client/[22m[36massets/__authed-BOvAML8x.js            [39m[1m[2m  0.10 kB[22m[1m[22m[2m │ gzip:   0.11 kB[22m
[2mdist/client/[22m[36massets/useLocation-5DpFhV2Y.js         [39m[1m[2m  0.10 kB[22m[1m[22m[2m │ gzip:   0.11 kB[22m
[2mdist/client/[22m[36massets/_projectId-DwRS5wdX.js          [39m[1m[2m  0.13 kB[22m[1m[22m[2m │ gzip:   0.13 kB[22m
[2mdist/client/[22m[36massets/index-CsZM8aGj.js               [39m[1m[2m  0.13 kB[22m[1m[22m[2m │ gzip:   0.14 kB[22m
[2mdist/client/[22m[36massets/index-CH0wMl9O.js               [39m[1m[2m  0.15 kB[22m[1m[22m[2m │ gzip:   0.15 kB[22m
[2mdist/client/[22m[36massets/index-Dzno6SZm.js               [39m[1m[2m  0.15 kB[22m[1m[22m[2m │ gzip:   0.15 kB[22m
[2mdist/client/[22m[36massets/integrations-CPSOR6Y9.js        [39m[1m[2m  0.18 kB[22m[1m[22m[2m │ gzip:   0.17 kB[22m
[2mdist/client/[22m[36massets/data-retention-CbDqjuqE.js      [39m[1m[2m  0.18 kB[22m[1m[22m[2m │ gzip:   0.17 kB[22m
[2mdist/client/[22m[36massets/access-control-C_9kS6NA.js      [39m[1m[2m  0.18 kB[22m[1m[22m[2m │ gzip:   0.17 kB[22m
[2mdist/client/[22m[36massets/index-xYusQl6C.js               [39m[1m[2m  0.18 kB[22m[1m[22m[2m │ gzip:   0.17 kB[22m
[2mdist/client/[22m[36massets/index-CcuTU4e4.js               [39m[1m[2m  0.23 kB[22m[1m[22m[2m │ gzip:   0.19 kB[22m
[2mdist/client/[22m[36massets/chevron-down-Dx-Y2bKF.js        [39m[1m[2m  0.31 kB[22m[1m[22m[2m │ gzip:   0.25 kB[22m
[2mdist/client/[22m[36massets/x-BUp3yMdV.js                   [39m[1m[2m  0.34 kB[22m[1m[22m[2m │ gzip:   0.26 kB[22m
[2mdist/client/[22m[36massets/trending-up-Dl3kkpTQ.js         [39m[1m[2m  0.36 kB[22m[1m[22m[2m │ gzip:   0.28 kB[22m
[2mdist/client/[22m[36massets/play-CRfm3jA_.js                [39m[1m[2m  0.37 kB[22m[1m[22m[2m │ gzip:   0.29 kB[22m
[2mdist/client/[22m[36massets/api-keys-D7I_SvfK.js            [39m[1m[2m  0.38 kB[22m[1m[22m[2m │ gzip:   0.27 kB[22m
[2mdist/client/[22m[36massets/credit-card-jicbsLY8.js         [39m[1m[2m  0.39 kB[22m[1m[22m[2m │ gzip:   0.30 kB[22m
[2mdist/client/[22m[36massets/activity-DFySzmC8.js            [39m[1m[2m  0.42 kB[22m[1m[22m[2m │ gzip:   0.31 kB[22m
[2mdist/client/[22m[36massets/settings-2-CPCqFxQo.js          [39m[1m[2m  0.43 kB[22m[1m[22m[2m │ gzip:   0.30 kB[22m
[2mdist/client/[22m[36massets/key-Dxs3egKp.js                 [39m[1m[2m  0.44 kB[22m[1m[22m[2m │ gzip:   0.32 kB[22m
[2mdist/client/[22m[36massets/triangle-alert-B5ka774r.js      [39m[1m[2m  0.45 kB[22m[1m[22m[2m │ gzip:   0.32 kB[22m
[2mdist/client/[22m[36massets/shield-CXCGyw2C.js              [39m[1m[2m  0.45 kB[22m[1m[22m[2m │ gzip:   0.33 kB[22m
[2mdist/client/[22m[36massets/book-open-ByVDBKef.js           [39m[1m[2m  0.46 kB[22m[1m[22m[2m │ gzip:   0.32 kB[22m
[2mdist/client/[22m[36massets/bell-Bw2qy5sZ.js                [39m[1m[2m  0.47 kB[22m[1m[22m[2m │ gzip:   0.35 kB[22m
[2mdist/client/[22m[36massets/users-BgfeolVi.js               [39m[1m[2m  0.49 kB[22m[1m[22m[2m │ gzip:   0.33 kB[22m
[2mdist/client/[22m[36massets/shield-check-CPhZkJ9B.js        [39m[1m[2m  0.50 kB[22m[1m[22m[2m │ gzip:   0.36 kB[22m
[2mdist/client/[22m[36massets/life-buoy-DxCN9ZmX.js           [39m[1m[2m  0.56 kB[22m[1m[22m[2m │ gzip:   0.33 kB[22m
[2mdist/client/[22m[36massets/network-dlO7VDhO.js             [39m[1m[2m  0.57 kB[22m[1m[22m[2m │ gzip:   0.34 kB[22m
[2mdist/client/[22m[36massets/settings-C43yFiAN.js            [39m[1m[2m  0.67 kB[22m[1m[22m[2m │ gzip:   0.36 kB[22m
[2mdist/client/[22m[36massets/sparkles-CiWHCNHX.js            [39m[1m[2m  0.68 kB[22m[1m[22m[2m │ gzip:   0.39 kB[22m
[2mdist/client/[22m[36massets/telemetry-layout-ChJ8XAO-.js    [39m[1m[2m  0.91 kB[22m[1m[22m[2m │ gzip:   0.45 kB[22m
[2mdist/client/[22m[36massets/brackets-FPWS-5l2.js            [39m[1m[2m  1.00 kB[22m[1m[22m[2m │ gzip:   0.29 kB[22m
[2mdist/client/[22m[36massets/button-CQE2HwTe.js              [39m[1m[2m  1.32 kB[22m[1m[22m[2m │ gzip:   0.66 kB[22m
[2mdist/client/[22m[36massets/card-DgrxZy1G.js                [39m[1m[2m  1.49 kB[22m[1m[22m[2m │ gzip:   0.72 kB[22m
[2mdist/client/[22m[36massets/createLucideIcon-BaVV2rxc.js    [39m[1m[2m  1.86 kB[22m[1m[22m[2m │ gzip:   0.80 kB[22m
[2mdist/client/[22m[36massets/general-DUHpmWGP.js             [39m[1m[2m  2.04 kB[22m[1m[22m[2m │ gzip:   0.79 kB[22m
[2mdist/client/[22m[36massets/billing-DL0U4ZOl.js             [39m[1m[2m  2.11 kB[22m[1m[22m[2m │ gzip:   0.66 kB[22m
[2mdist/client/[22m[36massets/team-XhQv1ETj.js                [39m[1m[2m  2.25 kB[22m[1m[22m[2m │ gzip:   0.95 kB[22m
[2mdist/client/[22m[36massets/_org-Co1G5dk6.js                [39m[1m[2m  2.31 kB[22m[1m[22m[2m │ gzip:   0.91 kB[22m
[2mdist/client/[22m[36massets/settings-Klo1rDOo.js            [39m[1m[2m  2.47 kB[22m[1m[22m[2m │ gzip:   0.99 kB[22m
[2mdist/client/[22m[36massets/security-FhXFuywQ.js            [39m[1m[2m  2.73 kB[22m[1m[22m[2m │ gzip:   0.89 kB[22m
[2mdist/client/[22m[36massets/settings-exoMh-6X.js            [39m[1m[2m  2.82 kB[22m[1m[22m[2m │ gzip:   1.25 kB[22m
[2mdist/client/[22m[36massets/general-B0h_ls2L.js             [39m[1m[2m  2.90 kB[22m[1m[22m[2m │ gzip:   1.11 kB[22m
[2mdist/client/[22m[36massets/capec-DB36Os24.js               [39m[1m[2m  2.93 kB[22m[1m[22m[2m │ gzip:   1.35 kB[22m
[2mdist/client/[22m[36massets/support-B3-JEKSM.js             [39m[1m[2m  3.33 kB[22m[1m[22m[2m │ gzip:   1.06 kB[22m
[2mdist/client/[22m[36massets/capec-card-D11CVATE.js          [39m[1m[2m  3.41 kB[22m[1m[22m[2m │ gzip:   1.25 kB[22m
[2mdist/client/[22m[36massets/threat-detection-CvJanbZ_.js    [39m[1m[2m  4.21 kB[22m[1m[22m[2m │ gzip:   1.62 kB[22m
[2mdist/client/[22m[36massets/defense-simulation-CUSIN8Fm.js  [39m[1m[2m  6.10 kB[22m[1m[22m[2m │ gzip:   2.00 kB[22m
[2mdist/client/[22m[36massets/index-DSF2VmR1.js               [39m[1m[2m  6.11 kB[22m[1m[22m[2m │ gzip:   2.11 kB[22m
[2mdist/client/[22m[36massets/cve-BAdoupye.js                 [39m[1m[2m  6.90 kB[22m[1m[22m[2m │ gzip:   2.68 kB[22m
[2mdist/client/[22m[36massets/onboarding-BHoWnpBP.js          [39m[1m[2m  7.13 kB[22m[1m[22m[2m │ gzip:   2.15 kB[22m
[2mdist/client/[22m[36massets/telmentary-Bu4EU72B.js          [39m[1m[2m  8.18 kB[22m[1m[22m[2m │ gzip:   2.58 kB[22m
[2mdist/client/[22m[36massets/string-cKWu9XK9.js              [39m[1m[2m  8.38 kB[22m[1m[22m[2m │ gzip:   3.59 kB[22m
[2mdist/client/[22m[36massets/logs-8BBN5rbx.js                [39m[1m[2m 11.41 kB[22m[1m[22m[2m │ gzip:   4.09 kB[22m
[2mdist/client/[22m[36massets/alerts-anmj1q_7.js              [39m[1m[2m 20.44 kB[22m[1m[22m[2m │ gzip:   5.10 kB[22m
[2mdist/client/[22m[36massets/alerts-D-s5HEE0.js              [39m[1m[2m 26.37 kB[22m[1m[22m[2m │ gzip:   6.83 kB[22m
[2mdist/client/[22m[36massets/petri-net-DceFt9zy.js           [39m[1m[2m146.34 kB[22m[1m[22m[2m │ gzip:  47.25 kB[22m
[2mdist/client/[22m[36massets/main-BugDfb6W.js                [39m[1m[2m315.73 kB[22m[1m[22m[2m │ gzip:  98.80 kB[22m
[2mdist/client/[22m[36massets/analytics-S0H0ScJH.js           [39m[1m[2m352.69 kB[22m[1m[22m[2m │ gzip: 102.72 kB[22m
[2mdist/client/[22m[36massets/chunk-3WUZ46N3-CXZkDYP_.js      [39m[1m[2m457.58 kB[22m[1m[22m[2m │ gzip: 156.55 kB[22m
[32m✓ built in 25.69s[39m
[36mvite v7.1.10 [32mbuilding SSR bundle for production...[36m[39m
transforming...
[33m"createRequestHandler", "defineHandlerCallback", "transformPipeableStreamWithRouter" and "transformReadableStreamWithRouter" are imported from external module "@tanstack/router-core/ssr/server" but never used in "../../node_modules/@tanstack/start-server-core/dist/esm/createStartHandler.js" and "../../node_modules/@tanstack/start-server-core/dist/esm/index.js".[39m
[33m"hydrate" is imported from external module "@tanstack/router-core/ssr/client" but never used in "../../node_modules/@tanstack/start-client-core/dist/esm/createServerFn.js" and "../../node_modules/@tanstack/start-client-core/dist/esm/index.js".[39m
[32m✓[39m 123 modules transformed.
rendering chunks...
[2mdist/server/[22m[36massets/start-HYkvq4Ni.js                                    [39m[1m[2m 0.06 kB[22m[1m[22m
[2mdist/server/[22m[36massets/_tanstack-start-injected-head-scripts_v-cda0Ky0D.js  [39m[1m[2m 0.07 kB[22m[1m[22m
[2mdist/server/[22m[36massets/index-CVqlJnBj.js                                    [39m[1m[2m 0.19 kB[22m[1m[22m
[2mdist/server/[22m[36massets/__authed-qXwgDR6k.js                                 [39m[1m[2m 0.20 kB[22m[1m[22m
[2mdist/server/[22m[36massets/index-A0bGYWEv.js                                    [39m[1m[2m 0.23 kB[22m[1m[22m
[2mdist/server/[22m[36massets/integrations-B-6dIuQY.js                             [39m[1m[2m 0.24 kB[22m[1m[22m
[2mdist/server/[22m[36massets/data-retention-DG1eARhW.js                           [39m[1m[2m 0.24 kB[22m[1m[22m
[2mdist/server/[22m[36massets/access-control-DaZDciX_.js                           [39m[1m[2m 0.24 kB[22m[1m[22m
[2mdist/server/[22m[36massets/_projectId-CO2wOhBa.js                               [39m[1m[2m 0.25 kB[22m[1m[22m
[2mdist/server/[22m[36massets/index-BmFWXJud.js                                    [39m[1m[2m 0.27 kB[22m[1m[22m
[2mdist/server/[22m[36massets/index-DDyAtIEd.js                                    [39m[1m[2m 0.31 kB[22m[1m[22m
[2mdist/server/[22m[36massets/index-B8YX9fdF.js                                    [39m[1m[2m 0.43 kB[22m[1m[22m
[2mdist/server/[22m[36massets/api-keys-BAS_GxIS.js                                 [39m[1m[2m 0.52 kB[22m[1m[22m
[2mdist/server/[22m[36massets/telemetry-layout-CEBTvXki.js                         [39m[1m[2m 1.36 kB[22m[1m[22m
[2mdist/server/[22m[36massets/brackets-DeAE9KHg.js                                 [39m[1m[2m 1.47 kB[22m[1m[22m
[2mdist/server/[22m[36massets/_org-CVj8FR1m.js                                     [39m[1m[2m 1.95 kB[22m[1m[22m
[2mdist/server/[22m[36massets/card-BoCnnWp2.js                                     [39m[1m[2m 2.28 kB[22m[1m[22m
[2mdist/server/[22m[36massets/button-CW5HxvLo.js                                   [39m[1m[2m 2.32 kB[22m[1m[22m
[2mdist/server/[22m[36massets/team-BEmMa6J6.js                                     [39m[1m[2m 2.62 kB[22m[1m[22m
[2mdist/server/[22m[36massets/settings-BuqWS_XI.js                                 [39m[1m[2m 2.67 kB[22m[1m[22m
[2mdist/server/[22m[36massets/general-BlSsQ5Qv.js                                  [39m[1m[2m 2.91 kB[22m[1m[22m
[2mdist/server/[22m[36massets/billing-DL_k2Lua.js                                  [39m[1m[2m 3.01 kB[22m[1m[22m
[2mdist/server/[22m[36massets/security-C6vl0u1R.js                                 [39m[1m[2m 3.42 kB[22m[1m[22m
[2mdist/server/[22m[36massets/settings-euinBnfM.js                                 [39m[1m[2m 3.42 kB[22m[1m[22m
[2mdist/server/[22m[36massets/support-7RfYQ8J_.js                                  [39m[1m[2m 3.43 kB[22m[1m[22m
[2mdist/server/[22m[36massets/capec-Cjb2t2D7.js                                    [39m[1m[2m 3.59 kB[22m[1m[22m
[2mdist/server/[22m[36massets/general-lPTs0NVC.js                                  [39m[1m[2m 4.17 kB[22m[1m[22m
[2mdist/server/[22m[36massets/capec-card-Cprb80kP.js                               [39m[1m[2m 5.34 kB[22m[1m[22m
[2mdist/server/[22m[36massets/threat-detection-B5poma1S.js                         [39m[1m[2m 5.66 kB[22m[1m[22m
[2mdist/server/[22m[36massets/telmentary-258cttTz.js                               [39m[1m[2m 7.52 kB[22m[1m[22m
[2mdist/server/[22m[36massets/defense-simulation-Dp9NNg0t.js                       [39m[1m[2m 8.62 kB[22m[1m[22m
[2mdist/server/[22m[36massets/index-BtZAkIF5.js                                    [39m[1m[2m 8.70 kB[22m[1m[22m
[2mdist/server/[22m[36massets/onboarding-rJnybuGF.js                               [39m[1m[2m 8.94 kB[22m[1m[22m
[2mdist/server/[22m[36massets/cve-CqPyITRo.js                                      [39m[1m[2m11.05 kB[22m[1m[22m
[2mdist/server/[22m[36massets/analytics-CDM-J7XM.js                                [39m[1m[2m16.57 kB[22m[1m[22m
[2mdist/server/[22m[36massets/logs-BBfjroun.js                                     [39m[1m[2m17.09 kB[22m[1m[22m
[2mdist/server/[22m[36massets/petri-net-Bg6N3Uyv.js                                [39m[1m[2m17.41 kB[22m[1m[22m
[2mdist/server/[22m[36massets/router-C2q6RHwe.js                                   [39m[1m[2m18.21 kB[22m[1m[22m
[2mdist/server/[22m[36mserver.js                                                   [39m[1m[2m25.01 kB[22m[1m[22m
[2mdist/server/[22m[36massets/alerts-DaFuWx75.js                                   [39m[1m[2m31.08 kB[22m[1m[22m
[2mdist/server/[22m[36massets/alerts-DEEcY2sB.js                                   [39m[1m[2m31.88 kB[22m[1m[22m
[2mdist/server/[22m[36massets/_tanstack-start-manifest_v-eWpnwWu4.js               [39m[1m[2m36.63 kB[22m[1m[22m
[32m✓ built in 1.44s[39m
